<?xml version="1.0" encoding="UTF-8"?>
<testsuite xmlns:xsi="http://www.w3.org/2001/XMLSchema-instance" xsi:noNamespaceSchemaLocation="https://maven.apache.org/surefire/maven-surefire-plugin/xsd/surefire-test-report.xsd" name="TestSuite" time="100.104" tests="1" errors="0" skipped="0" failures="1">
  <properties>
[...]
</properties>
  <testcase name="TC_134_ValidateErrorMessageForWrongUsername" classname="Regression_Utilities.HPETest" time="57.244">
    <failure message="Element with by xpath &apos;xpath|(//*[@label=&quot;Address&quot;])[2]			&apos; wasn&apos;t found.&#10;For documentation on this error, please visit: http://seleniumhq.org/exceptions/no_such_element.html&#10;Build info: version: &apos;2.48.2&apos;, revision: &apos;41bccdd10cf2c0560f637404c2d96164b67d9d67&apos;, time: &apos;2015-10-09 13:08:06&apos;&#10;System info: host: &apos;BDC8-LX-5111KRH&apos;, ip: &apos;192.168.1.5&apos;, os.name: &apos;Windows 10&apos;, os.arch: &apos;amd64&apos;, os.version: &apos;10.0&apos;, java.version: &apos;1.8.0_121&apos;&#10;Driver info: driver.version: unknown" type="org.openqa.selenium.NoSuchElementException">org.openqa.selenium.NoSuchElementException: 
Element with by xpath 'xpath|(//*[@label="Address"])[2]			' wasn't found.
For documentation on this error, please visit: http://seleniumhq.org/exceptions/no_such_element.html
Build info: version: '2.48.2', revision: '41bccdd10cf2c0560f637404c2d96164b67d9d67', time: '2015-10-09 13:08:06'
System info: host: 'BDC8-LX-5111KRH', ip: '192.168.1.5', os.name: 'Windows 10', os.arch: 'amd64', os.version: '10.0', java.version: '1.8.0_121'
Driver info: driver.version: unknown
	at Regression_Utilities.HPETest.TC_134_ValidateErrorMessageForWrongUsername(HPETest.java:88)
</failure>
    <system-out><![CDATA[entering inside load device
00:06:33,461 |-INFO in ch.qos.logback.classic.LoggerContext[PerfectoMobile] - Could NOT find resource [logback.groovy]
00:06:33,461 |-INFO in ch.qos.logback.classic.LoggerContext[PerfectoMobile] - Could NOT find resource [logback-test.xml]
00:06:33,461 |-INFO in ch.qos.logback.classic.LoggerContext[PerfectoMobile] - Found resource [logback.xml] at [jar:file:/C:/windows/system32/config/systemprofile/.m2/repository/com/perfectomobile/pm-webdriver/9.2.0.1/pm-webdriver-9.2.0.1.jar!/logback.xml]
00:06:33,483 |-INFO in ch.qos.logback.core.joran.spi.ConfigurationWatchList@2ea227af - URL [jar:file:/C:/windows/system32/config/systemprofile/.m2/repository/com/perfectomobile/pm-webdriver/9.2.0.1/pm-webdriver-9.2.0.1.jar!/logback.xml] is not of type file
00:06:33,677 |-INFO in ch.qos.logback.classic.joran.action.ConfigurationAction - debug attribute not set
00:06:33,693 |-INFO in ch.qos.logback.classic.joran.action.ContextNameAction - Setting logger context name as [PerfectoMobile]
00:06:33,694 |-ERROR in ch.qos.logback.core.joran.action.PropertyAction - Could not find resource [logback.properties].
00:06:33,694 |-ERROR in ch.qos.logback.core.joran.action.PropertyAction - Could not find resource [logback.local.properties].
00:06:33,695 |-INFO in ch.qos.logback.classic.joran.action.JMXConfiguratorAction - begin
00:06:33,761 |-INFO in ch.qos.logback.core.joran.action.AppenderAction - About to instantiate appender of type [ch.qos.logback.core.ConsoleAppender]
00:06:33,764 |-INFO in ch.qos.logback.core.joran.action.AppenderAction - Naming appender as [CONSOLE]
00:06:33,770 |-INFO in ch.qos.logback.core.joran.action.NestedComplexPropertyIA - Assuming default type [ch.qos.logback.classic.encoder.PatternLayoutEncoder] for [encoder] property
00:06:33,843 |-INFO in ch.qos.logback.core.joran.action.AppenderAction - About to instantiate appender of type [ch.qos.logback.core.rolling.RollingFileAppender]
00:06:33,846 |-INFO in ch.qos.logback.core.joran.action.AppenderAction - Naming appender as [ADAPTER_FILE]
00:06:33,859 |-INFO in c.q.l.core.rolling.SizeAndTimeBasedRollingPolicy@70807318 - Achive files will be limied to [5MB] each.
00:06:33,862 |-INFO in c.q.l.core.rolling.SizeAndTimeBasedRollingPolicy@70807318 - No compression will be used
00:06:33,864 |-INFO in c.q.l.core.rolling.SizeAndTimeBasedRollingPolicy@70807318 - Will use the pattern C:/windows/system32/config/systemprofile/PerfectoMobile/Selenium/logs/PerfectoMobile.log.%d{yyyy-MM-dd}.%i.log for the active file
00:06:33,866 |-INFO in ch.qos.logback.core.rolling.SizeAndTimeBasedFNATP@363ee3a2 - The date pattern is 'yyyy-MM-dd' from file name pattern 'C:/windows/system32/config/systemprofile/PerfectoMobile/Selenium/logs/PerfectoMobile.log.%d{yyyy-MM-dd}.%i.log'.
00:06:33,866 |-INFO in ch.qos.logback.core.rolling.SizeAndTimeBasedFNATP@363ee3a2 - Roll-over at midnight.
00:06:33,872 |-INFO in ch.qos.logback.core.rolling.SizeAndTimeBasedFNATP@363ee3a2 - Setting initial period to Thu May 18 23:50:54 IST 2017
00:06:33,877 |-INFO in ch.qos.logback.core.joran.action.NestedComplexPropertyIA - Assuming default type [ch.qos.logback.classic.encoder.PatternLayoutEncoder] for [encoder] property
00:06:33,880 |-INFO in ch.qos.logback.core.rolling.RollingFileAppender[ADAPTER_FILE] - Active log file name: C:\windows\system32\config\systemprofile/PerfectoMobile/Selenium/logs/PerfectoMobile.log
00:06:33,880 |-INFO in ch.qos.logback.core.rolling.RollingFileAppender[ADAPTER_FILE] - File property is set to [C:\windows\system32\config\systemprofile/PerfectoMobile/Selenium/logs/PerfectoMobile.log]
00:06:33,882 |-INFO in ch.qos.logback.classic.joran.action.LoggerAction - Setting level of logger [com.perfectomobile] to DEBUG
00:06:33,882 |-INFO in ch.qos.logback.classic.joran.action.RootLoggerAction - Setting level of ROOT logger to DEBUG
00:06:33,882 |-INFO in ch.qos.logback.core.joran.action.AppenderRefAction - Attaching appender named [ADAPTER_FILE] to Logger[ROOT]
00:06:33,883 |-INFO in ch.qos.logback.core.joran.action.AppenderRefAction - Attaching appender named [CONSOLE] to Logger[ROOT]
00:06:33,883 |-INFO in ch.qos.logback.classic.joran.action.ConfigurationAction - End of configuration.
00:06:33,883 |-INFO in ch.qos.logback.classic.joran.JoranConfigurator@4690b489 - Registering current configuration as safe fallback point

<2017-05-19 00:06:33> INFO  [c.p.selenium.MobileDriver] Creating mobile driver
<2017-05-19 00:06:33> INFO  [c.p.s.util.PerfectoLabConnector] Received eclipse host: https://mobilecloud.perfectomobile.com
<2017-05-19 00:06:33> INFO  [c.p.s.util.PerfectoLabConnector] Received eclipse user: l.hosur.chandrappa@accenture.com
<2017-05-19 00:06:33> INFO  [c.p.s.util.PerfectoLabConnector] Received eclipse password.
<2017-05-19 00:06:33> INFO  [c.p.s.util.PerfectoLabConnector] Interactive connector session execution Id: l.hosur.chandrappa@accenture.com_Eclipse_17-05-18_18_21_36_37349
<2017-05-19 00:06:33> INFO  [c.p.selenium.MobileDriver] Starting play with parameters: StartExecutionParameters [_scriptName=loadDevice, _report=null, _video=null, _visibility=null, _entityType=mobile_driver]
<2017-05-19 00:06:33> INFO  [c.p.httpclient.HttpClient] Processing request Request[_requestType=START_PLAY,_itemId=l.hosur.chandrappa@accenture.com_Eclipse_17-05-18_18_21_36_37349,_parameters=[ParameterValue[_name=responseFormat,_value=xml], ParameterValue[_name=scriptName,_value=loadDevice], ParameterValue[_name=entityType,_value=mobile_driver]],_stringParameters=<null>,_encoding=<null>]
<2017-05-19 00:06:33> INFO  [c.p.httpclient.HttpClient] URL = https://mobilecloud.perfectomobile.com/nexperience/services/executions/l.hosur.chandrappa@accenture.com_Eclipse_17-05-18_18_21_36_37349?operation=startPlay&responseFormat=xml&scriptName=loadDevice&entityType=mobile_driver&user=l.hosur.chandrappa%40accenture.com
<2017-05-19 00:06:36> INFO  [c.p.httpclient.HttpClient] Response: <?xml version="1.0" encoding="UTF-8"?>
<response><reportPdfUrl>UNCONFIGURED_REPORTIUM_SERVER_URL/export/api/v1/test-executions/pdf?externalId[0]=l.hosur.chandrappa@accenture.com_loadDevice_17-05-18_18_36_34_37373&amp;timestamp=1495132594434</reportPdfUrl><executionId>l.hosur.chandrappa@accenture.com_loadDevice_17-05-18_18_36_34_37373</executionId><testGridReportUrl>UNCONFIGURED_REPORTIUM_SERVER_URL?externalId[0]=l.hosur.chandrappa@accenture.com_loadDevice_17-05-18_18_36_34_37373&amp;timestamp=1495132594434</testGridReportUrl><singleTestReportUrl>https://mobilecloud.perfectomobile.com/nexperience/singletest/report/?reportRepositoryKey=PRIVATE:loadDevice/170518/loadDevice_17-05-18_18_36_34_37373.xml&amp;ownerId=l.hosur.chandrappa@accenture.com&amp;sharingCode=69e0a985-0e2b-4d15-862a-1083fb357e17</singleTestReportUrl><reportKey>PRIVATE:loadDevice/170518/loadDevice_17-05-18_18_36_34_37373.xml</reportKey></response>
<2017-05-19 00:06:36> INFO  [c.p.httpclient.HttpClient] Response values: {reportPdfUrl=UNCONFIGURED_REPORTIUM_SERVER_URL/export/api/v1/test-executions/pdf?externalId[0]=l.hosur.chandrappa@accenture.com_loadDevice_17-05-18_18_36_34_37373&timestamp=1495132594434, executionId=l.hosur.chandrappa@accenture.com_loadDevice_17-05-18_18_36_34_37373, testGridReportUrl=UNCONFIGURED_REPORTIUM_SERVER_URL?externalId[0]=l.hosur.chandrappa@accenture.com_loadDevice_17-05-18_18_36_34_37373&timestamp=1495132594434, singleTestReportUrl=https://mobilecloud.perfectomobile.com/nexperience/singletest/report/?reportRepositoryKey=PRIVATE:loadDevice/170518/loadDevice_17-05-18_18_36_34_37373.xml&ownerId=l.hosur.chandrappa@accenture.com&sharingCode=69e0a985-0e2b-4d15-862a-1083fb357e17, reportKey=PRIVATE:loadDevice/170518/loadDevice_17-05-18_18_36_34_37373.xml}
<2017-05-19 00:06:36> INFO  [c.p.selenium.MobileDriver] Started play for execution: l.hosur.chandrappa@accenture.com_loadDevice_17-05-18_18_36_34_37373, single test report url is:https://mobilecloud.perfectomobile.com/nexperience/singletest/report/?reportRepositoryKey=PRIVATE:loadDevice/170518/loadDevice_17-05-18_18_36_34_37373.xml&ownerId=l.hosur.chandrappa@accenture.com&sharingCode=69e0a985-0e2b-4d15-862a-1083fb357e17, test grid report url is:UNCONFIGURED_REPORTIUM_SERVER_URL?externalId[0]=l.hosur.chandrappa@accenture.com_loadDevice_17-05-18_18_36_34_37373&timestamp=1495132594434
<2017-05-19 00:06:36> INFO  [c.p.s.util.PerfectoLabConnector] Set execution id: l.hosur.chandrappa@accenture.com_loadDevice_17-05-18_18_36_34_37373
<2017-05-19 00:06:36> INFO  [c.p.selenium.MobileDriver] Created mobile driver
entering inside load device1
<2017-05-19 00:06:36> INFO  [c.p.selenium.MobileEntity] Executing command handset open with parameters {handsetId=D82DF6FA033B64F81CCA0B49B148CFA9088329C5, allocation=nowait}
<2017-05-19 00:06:36> INFO  [c.p.httpclient.HttpClient] Processing request Request[_requestType=EXECUTE_COMMAND,_itemId=l.hosur.chandrappa@accenture.com_loadDevice_17-05-18_18_36_34_37373,_parameters=[ParameterValue[_name=responseFormat,_value=xml], ParameterValue[_name=command,_value=handset], ParameterValue[_name=subcommand,_value=open], ParameterValue[_name=param.handsetId,_value=D82DF6FA033B64F81CCA0B49B148CFA9088329C5], ParameterValue[_name=param.allocation,_value=nowait]],_stringParameters=<null>,_encoding=UTF-8]
<2017-05-19 00:06:36> INFO  [c.p.httpclient.HttpClient] URL = https://mobilecloud.perfectomobile.com/nexperience/services/executions/l.hosur.chandrappa@accenture.com_loadDevice_17-05-18_18_36_34_37373?operation=command&responseFormat=xml&command=handset&subcommand=open&param.handsetId=D82DF6FA033B64F81CCA0B49B148CFA9088329C5&param.allocation=nowait&user=l.hosur.chandrappa%40accenture.com
<2017-05-19 00:06:41> INFO  [c.p.httpclient.HttpClient] Response: <?xml version="1.0" encoding="UTF-8"?>
<response><reportPdfUrl>UNCONFIGURED_REPORTIUM_SERVER_URL/export/api/v1/test-executions/pdf?externalId[0]=l.hosur.chandrappa@accenture.com_loadDevice_17-05-18_18_36_34_37373&amp;timestamp=1495132600109</reportPdfUrl><reason>Success</reason><timer.elapsed>5011</timer.elapsed><testGridReportUrl>UNCONFIGURED_REPORTIUM_SERVER_URL?externalId[0]=l.hosur.chandrappa@accenture.com_loadDevice_17-05-18_18_36_34_37373&amp;timestamp=1495132600109</testGridReportUrl><description>Success</description><timer.system>5011</timer.system><completed>true</completed><flowEndCode>SUCCEEDED</flowEndCode><executionId>l.hosur.chandrappa@accenture.com_loadDevice_17-05-18_18_36_34_37373</executionId><timer.ux>0</timer.ux><singleTestReportUrl>https://mobilecloud.perfectomobile.com/nexperience/singletest/report/?reportRepositoryKey=PRIVATE:loadDevice/170518/loadDevice_17-05-18_18_36_34_37373.xml&amp;ownerId=l.hosur.chandrappa@accenture.com&amp;sharingCode=69e0a985-0e2b-4d15-862a-1083fb357e17</singleTestReportUrl><reportKey>PRIVATE:loadDevice/170518/loadDevice_17-05-18_18_36_34_37373.xml</reportKey><timer.device>0</timer.device></response>
<2017-05-19 00:06:41> INFO  [c.p.httpclient.HttpClient] Response values: {reportPdfUrl=UNCONFIGURED_REPORTIUM_SERVER_URL/export/api/v1/test-executions/pdf?externalId[0]=l.hosur.chandrappa@accenture.com_loadDevice_17-05-18_18_36_34_37373&timestamp=1495132600109, reason=Success, timer.elapsed=5011, testGridReportUrl=UNCONFIGURED_REPORTIUM_SERVER_URL?externalId[0]=l.hosur.chandrappa@accenture.com_loadDevice_17-05-18_18_36_34_37373&timestamp=1495132600109, description=Success, timer.system=5011, completed=true, flowEndCode=SUCCEEDED, executionId=l.hosur.chandrappa@accenture.com_loadDevice_17-05-18_18_36_34_37373, timer.ux=0, singleTestReportUrl=https://mobilecloud.perfectomobile.com/nexperience/singletest/report/?reportRepositoryKey=PRIVATE:loadDevice/170518/loadDevice_17-05-18_18_36_34_37373.xml&ownerId=l.hosur.chandrappa@accenture.com&sharingCode=69e0a985-0e2b-4d15-862a-1083fb357e17, reportKey=PRIVATE:loadDevice/170518/loadDevice_17-05-18_18_36_34_37373.xml, timer.device=0}
<2017-05-19 00:06:41> INFO  [c.p.selenium.MobileEntity] Got return value: null
<2017-05-19 00:06:51> INFO  [c.p.selenium.MobileEntity] Executing command handset info with parameters {handsetId=D82DF6FA033B64F81CCA0B49B148CFA9088329C5, property=Model}
<2017-05-19 00:06:51> INFO  [c.p.httpclient.HttpClient] Processing request Request[_requestType=EXECUTE_COMMAND,_itemId=l.hosur.chandrappa@accenture.com_loadDevice_17-05-18_18_36_34_37373,_parameters=[ParameterValue[_name=responseFormat,_value=xml], ParameterValue[_name=command,_value=handset], ParameterValue[_name=subcommand,_value=info], ParameterValue[_name=param.handsetId,_value=D82DF6FA033B64F81CCA0B49B148CFA9088329C5], ParameterValue[_name=param.property,_value=Model]],_stringParameters=<null>,_encoding=UTF-8]
<2017-05-19 00:06:51> INFO  [c.p.httpclient.HttpClient] URL = https://mobilecloud.perfectomobile.com/nexperience/services/executions/l.hosur.chandrappa@accenture.com_loadDevice_17-05-18_18_36_34_37373?operation=command&responseFormat=xml&command=handset&subcommand=info&param.handsetId=D82DF6FA033B64F81CCA0B49B148CFA9088329C5&param.property=Model&user=l.hosur.chandrappa%40accenture.com
<2017-05-19 00:06:52> INFO  [c.p.httpclient.HttpClient] Response: <?xml version="1.0" encoding="UTF-8"?>
<response><reportPdfUrl>UNCONFIGURED_REPORTIUM_SERVER_URL/export/api/v1/test-executions/pdf?externalId[0]=l.hosur.chandrappa@accenture.com_loadDevice_17-05-18_18_36_34_37373&amp;timestamp=1495132611099</reportPdfUrl><executionId>l.hosur.chandrappa@accenture.com_loadDevice_17-05-18_18_36_34_37373</executionId><reason>Success</reason><returnValue>iPhone-7</returnValue><testGridReportUrl>UNCONFIGURED_REPORTIUM_SERVER_URL?externalId[0]=l.hosur.chandrappa@accenture.com_loadDevice_17-05-18_18_36_34_37373&amp;timestamp=1495132611099</testGridReportUrl><singleTestReportUrl>https://mobilecloud.perfectomobile.com/nexperience/singletest/report/?reportRepositoryKey=PRIVATE:loadDevice/170518/loadDevice_17-05-18_18_36_34_37373.xml&amp;ownerId=l.hosur.chandrappa@accenture.com&amp;sharingCode=69e0a985-0e2b-4d15-862a-1083fb357e17</singleTestReportUrl><description>Success</description><reportKey>PRIVATE:loadDevice/170518/loadDevice_17-05-18_18_36_34_37373.xml</reportKey><completed>true</completed><flowEndCode>SUCCEEDED</flowEndCode></response>
<2017-05-19 00:06:52> INFO  [c.p.httpclient.HttpClient] Response values: {reportPdfUrl=UNCONFIGURED_REPORTIUM_SERVER_URL/export/api/v1/test-executions/pdf?externalId[0]=l.hosur.chandrappa@accenture.com_loadDevice_17-05-18_18_36_34_37373&timestamp=1495132611099, executionId=l.hosur.chandrappa@accenture.com_loadDevice_17-05-18_18_36_34_37373, reason=Success, returnValue=iPhone-7, testGridReportUrl=UNCONFIGURED_REPORTIUM_SERVER_URL?externalId[0]=l.hosur.chandrappa@accenture.com_loadDevice_17-05-18_18_36_34_37373&timestamp=1495132611099, singleTestReportUrl=https://mobilecloud.perfectomobile.com/nexperience/singletest/report/?reportRepositoryKey=PRIVATE:loadDevice/170518/loadDevice_17-05-18_18_36_34_37373.xml&ownerId=l.hosur.chandrappa@accenture.com&sharingCode=69e0a985-0e2b-4d15-862a-1083fb357e17, description=Success, reportKey=PRIVATE:loadDevice/170518/loadDevice_17-05-18_18_36_34_37373.xml, completed=true, flowEndCode=SUCCEEDED}
<2017-05-19 00:06:52> INFO  [c.p.selenium.MobileEntity] Got return value: iPhone-7
<2017-05-19 00:06:52> INFO  [c.p.selenium.MobileEntity] Executing command handset info with parameters {handsetId=D82DF6FA033B64F81CCA0B49B148CFA9088329C5, property=OS}
<2017-05-19 00:06:52> INFO  [c.p.httpclient.HttpClient] Processing request Request[_requestType=EXECUTE_COMMAND,_itemId=l.hosur.chandrappa@accenture.com_loadDevice_17-05-18_18_36_34_37373,_parameters=[ParameterValue[_name=responseFormat,_value=xml], ParameterValue[_name=command,_value=handset], ParameterValue[_name=subcommand,_value=info], ParameterValue[_name=param.handsetId,_value=D82DF6FA033B64F81CCA0B49B148CFA9088329C5], ParameterValue[_name=param.property,_value=OS]],_stringParameters=<null>,_encoding=UTF-8]
<2017-05-19 00:06:52> INFO  [c.p.httpclient.HttpClient] URL = https://mobilecloud.perfectomobile.com/nexperience/services/executions/l.hosur.chandrappa@accenture.com_loadDevice_17-05-18_18_36_34_37373?operation=command&responseFormat=xml&command=handset&subcommand=info&param.handsetId=D82DF6FA033B64F81CCA0B49B148CFA9088329C5&param.property=OS&user=l.hosur.chandrappa%40accenture.com
<2017-05-19 00:06:53> INFO  [c.p.httpclient.HttpClient] Response: <?xml version="1.0" encoding="UTF-8"?>
<response><reportPdfUrl>UNCONFIGURED_REPORTIUM_SERVER_URL/export/api/v1/test-executions/pdf?externalId[0]=l.hosur.chandrappa@accenture.com_loadDevice_17-05-18_18_36_34_37373&amp;timestamp=1495132611552</reportPdfUrl><executionId>l.hosur.chandrappa@accenture.com_loadDevice_17-05-18_18_36_34_37373</executionId><reason>Success</reason><returnValue>iOS</returnValue><testGridReportUrl>UNCONFIGURED_REPORTIUM_SERVER_URL?externalId[0]=l.hosur.chandrappa@accenture.com_loadDevice_17-05-18_18_36_34_37373&amp;timestamp=1495132611552</testGridReportUrl><singleTestReportUrl>https://mobilecloud.perfectomobile.com/nexperience/singletest/report/?reportRepositoryKey=PRIVATE:loadDevice/170518/loadDevice_17-05-18_18_36_34_37373.xml&amp;ownerId=l.hosur.chandrappa@accenture.com&amp;sharingCode=69e0a985-0e2b-4d15-862a-1083fb357e17</singleTestReportUrl><description>Success</description><reportKey>PRIVATE:loadDevice/170518/loadDevice_17-05-18_18_36_34_37373.xml</reportKey><completed>true</completed><flowEndCode>SUCCEEDED</flowEndCode></response>
<2017-05-19 00:06:53> INFO  [c.p.httpclient.HttpClient] Response values: {reportPdfUrl=UNCONFIGURED_REPORTIUM_SERVER_URL/export/api/v1/test-executions/pdf?externalId[0]=l.hosur.chandrappa@accenture.com_loadDevice_17-05-18_18_36_34_37373&timestamp=1495132611552, executionId=l.hosur.chandrappa@accenture.com_loadDevice_17-05-18_18_36_34_37373, reason=Success, returnValue=iOS, testGridReportUrl=UNCONFIGURED_REPORTIUM_SERVER_URL?externalId[0]=l.hosur.chandrappa@accenture.com_loadDevice_17-05-18_18_36_34_37373&timestamp=1495132611552, singleTestReportUrl=https://mobilecloud.perfectomobile.com/nexperience/singletest/report/?reportRepositoryKey=PRIVATE:loadDevice/170518/loadDevice_17-05-18_18_36_34_37373.xml&ownerId=l.hosur.chandrappa@accenture.com&sharingCode=69e0a985-0e2b-4d15-862a-1083fb357e17, description=Success, reportKey=PRIVATE:loadDevice/170518/loadDevice_17-05-18_18_36_34_37373.xml, completed=true, flowEndCode=SUCCEEDED}
<2017-05-19 00:06:53> INFO  [c.p.selenium.MobileEntity] Got return value: iOS
<2017-05-19 00:06:53> INFO  [c.p.selenium.MobileEntity] Executing command handset info with parameters {handsetId=D82DF6FA033B64F81CCA0B49B148CFA9088329C5, property=osVersion}
<2017-05-19 00:06:53> INFO  [c.p.httpclient.HttpClient] Processing request Request[_requestType=EXECUTE_COMMAND,_itemId=l.hosur.chandrappa@accenture.com_loadDevice_17-05-18_18_36_34_37373,_parameters=[ParameterValue[_name=responseFormat,_value=xml], ParameterValue[_name=command,_value=handset], ParameterValue[_name=subcommand,_value=info], ParameterValue[_name=param.handsetId,_value=D82DF6FA033B64F81CCA0B49B148CFA9088329C5], ParameterValue[_name=param.property,_value=osVersion]],_stringParameters=<null>,_encoding=UTF-8]
<2017-05-19 00:06:53> INFO  [c.p.httpclient.HttpClient] URL = https://mobilecloud.perfectomobile.com/nexperience/services/executions/l.hosur.chandrappa@accenture.com_loadDevice_17-05-18_18_36_34_37373?operation=command&responseFormat=xml&command=handset&subcommand=info&param.handsetId=D82DF6FA033B64F81CCA0B49B148CFA9088329C5&param.property=osVersion&user=l.hosur.chandrappa%40accenture.com
<2017-05-19 00:06:53> INFO  [c.p.httpclient.HttpClient] Response: <?xml version="1.0" encoding="UTF-8"?>
<response><reportPdfUrl>UNCONFIGURED_REPORTIUM_SERVER_URL/export/api/v1/test-executions/pdf?externalId[0]=l.hosur.chandrappa@accenture.com_loadDevice_17-05-18_18_36_34_37373&amp;timestamp=1495132611921</reportPdfUrl><executionId>l.hosur.chandrappa@accenture.com_loadDevice_17-05-18_18_36_34_37373</executionId><reason>Success</reason><returnValue>10.3.1</returnValue><testGridReportUrl>UNCONFIGURED_REPORTIUM_SERVER_URL?externalId[0]=l.hosur.chandrappa@accenture.com_loadDevice_17-05-18_18_36_34_37373&amp;timestamp=1495132611921</testGridReportUrl><singleTestReportUrl>https://mobilecloud.perfectomobile.com/nexperience/singletest/report/?reportRepositoryKey=PRIVATE:loadDevice/170518/loadDevice_17-05-18_18_36_34_37373.xml&amp;ownerId=l.hosur.chandrappa@accenture.com&amp;sharingCode=69e0a985-0e2b-4d15-862a-1083fb357e17</singleTestReportUrl><description>Success</description><reportKey>PRIVATE:loadDevice/170518/loadDevice_17-05-18_18_36_34_37373.xml</reportKey><completed>true</completed><flowEndCode>SUCCEEDED</flowEndCode></response>
<2017-05-19 00:06:53> INFO  [c.p.httpclient.HttpClient] Response values: {reportPdfUrl=UNCONFIGURED_REPORTIUM_SERVER_URL/export/api/v1/test-executions/pdf?externalId[0]=l.hosur.chandrappa@accenture.com_loadDevice_17-05-18_18_36_34_37373&timestamp=1495132611921, executionId=l.hosur.chandrappa@accenture.com_loadDevice_17-05-18_18_36_34_37373, reason=Success, returnValue=10.3.1, testGridReportUrl=UNCONFIGURED_REPORTIUM_SERVER_URL?externalId[0]=l.hosur.chandrappa@accenture.com_loadDevice_17-05-18_18_36_34_37373&timestamp=1495132611921, singleTestReportUrl=https://mobilecloud.perfectomobile.com/nexperience/singletest/report/?reportRepositoryKey=PRIVATE:loadDevice/170518/loadDevice_17-05-18_18_36_34_37373.xml&ownerId=l.hosur.chandrappa@accenture.com&sharingCode=69e0a985-0e2b-4d15-862a-1083fb357e17, description=Success, reportKey=PRIVATE:loadDevice/170518/loadDevice_17-05-18_18_36_34_37373.xml, completed=true, flowEndCode=SUCCEEDED}
<2017-05-19 00:06:53> INFO  [c.p.selenium.MobileEntity] Got return value: 10.3.1
Opened the Device
<2017-05-19 00:07:13> INFO  [c.p.selenium.MobileEntity] Executing command handset info with parameters {handsetId=D82DF6FA033B64F81CCA0B49B148CFA9088329C5, property=os}
<2017-05-19 00:07:13> INFO  [c.p.httpclient.HttpClient] Processing request Request[_requestType=EXECUTE_COMMAND,_itemId=l.hosur.chandrappa@accenture.com_loadDevice_17-05-18_18_36_34_37373,_parameters=[ParameterValue[_name=responseFormat,_value=xml], ParameterValue[_name=command,_value=handset], ParameterValue[_name=subcommand,_value=info], ParameterValue[_name=param.handsetId,_value=D82DF6FA033B64F81CCA0B49B148CFA9088329C5], ParameterValue[_name=param.property,_value=os]],_stringParameters=<null>,_encoding=UTF-8]
<2017-05-19 00:07:13> INFO  [c.p.httpclient.HttpClient] URL = https://mobilecloud.perfectomobile.com/nexperience/services/executions/l.hosur.chandrappa@accenture.com_loadDevice_17-05-18_18_36_34_37373?operation=command&responseFormat=xml&command=handset&subcommand=info&param.handsetId=D82DF6FA033B64F81CCA0B49B148CFA9088329C5&param.property=os&user=l.hosur.chandrappa%40accenture.com
<2017-05-19 00:07:14> INFO  [c.p.httpclient.HttpClient] Response: <?xml version="1.0" encoding="UTF-8"?>
<response><reportPdfUrl>UNCONFIGURED_REPORTIUM_SERVER_URL/export/api/v1/test-executions/pdf?externalId[0]=l.hosur.chandrappa@accenture.com_loadDevice_17-05-18_18_36_34_37373&amp;timestamp=1495132632979</reportPdfUrl><executionId>l.hosur.chandrappa@accenture.com_loadDevice_17-05-18_18_36_34_37373</executionId><reason>Success</reason><returnValue>iOS</returnValue><testGridReportUrl>UNCONFIGURED_REPORTIUM_SERVER_URL?externalId[0]=l.hosur.chandrappa@accenture.com_loadDevice_17-05-18_18_36_34_37373&amp;timestamp=1495132632979</testGridReportUrl><singleTestReportUrl>https://mobilecloud.perfectomobile.com/nexperience/singletest/report/?reportRepositoryKey=PRIVATE:loadDevice/170518/loadDevice_17-05-18_18_36_34_37373.xml&amp;ownerId=l.hosur.chandrappa@accenture.com&amp;sharingCode=69e0a985-0e2b-4d15-862a-1083fb357e17</singleTestReportUrl><description>Success</description><reportKey>PRIVATE:loadDevice/170518/loadDevice_17-05-18_18_36_34_37373.xml</reportKey><completed>true</completed><flowEndCode>SUCCEEDED</flowEndCode></response>
<2017-05-19 00:07:14> INFO  [c.p.httpclient.HttpClient] Response values: {reportPdfUrl=UNCONFIGURED_REPORTIUM_SERVER_URL/export/api/v1/test-executions/pdf?externalId[0]=l.hosur.chandrappa@accenture.com_loadDevice_17-05-18_18_36_34_37373&timestamp=1495132632979, executionId=l.hosur.chandrappa@accenture.com_loadDevice_17-05-18_18_36_34_37373, reason=Success, returnValue=iOS, testGridReportUrl=UNCONFIGURED_REPORTIUM_SERVER_URL?externalId[0]=l.hosur.chandrappa@accenture.com_loadDevice_17-05-18_18_36_34_37373&timestamp=1495132632979, singleTestReportUrl=https://mobilecloud.perfectomobile.com/nexperience/singletest/report/?reportRepositoryKey=PRIVATE:loadDevice/170518/loadDevice_17-05-18_18_36_34_37373.xml&ownerId=l.hosur.chandrappa@accenture.com&sharingCode=69e0a985-0e2b-4d15-862a-1083fb357e17, description=Success, reportKey=PRIVATE:loadDevice/170518/loadDevice_17-05-18_18_36_34_37373.xml, completed=true, flowEndCode=SUCCEEDED}
<2017-05-19 00:07:14> INFO  [c.p.selenium.MobileEntity] Got return value: iOS
<2017-05-19 00:07:14> INFO  [c.p.selenium.MobileEntity] Executing command handset info with parameters {handsetId=D82DF6FA033B64F81CCA0B49B148CFA9088329C5, property=Model}
<2017-05-19 00:07:14> INFO  [c.p.httpclient.HttpClient] Processing request Request[_requestType=EXECUTE_COMMAND,_itemId=l.hosur.chandrappa@accenture.com_loadDevice_17-05-18_18_36_34_37373,_parameters=[ParameterValue[_name=responseFormat,_value=xml], ParameterValue[_name=command,_value=handset], ParameterValue[_name=subcommand,_value=info], ParameterValue[_name=param.handsetId,_value=D82DF6FA033B64F81CCA0B49B148CFA9088329C5], ParameterValue[_name=param.property,_value=Model]],_stringParameters=<null>,_encoding=UTF-8]
<2017-05-19 00:07:14> INFO  [c.p.httpclient.HttpClient] URL = https://mobilecloud.perfectomobile.com/nexperience/services/executions/l.hosur.chandrappa@accenture.com_loadDevice_17-05-18_18_36_34_37373?operation=command&responseFormat=xml&command=handset&subcommand=info&param.handsetId=D82DF6FA033B64F81CCA0B49B148CFA9088329C5&param.property=Model&user=l.hosur.chandrappa%40accenture.com
<2017-05-19 00:07:15> INFO  [c.p.httpclient.HttpClient] Response: <?xml version="1.0" encoding="UTF-8"?>
<response><reportPdfUrl>UNCONFIGURED_REPORTIUM_SERVER_URL/export/api/v1/test-executions/pdf?externalId[0]=l.hosur.chandrappa@accenture.com_loadDevice_17-05-18_18_36_34_37373&amp;timestamp=1495132633375</reportPdfUrl><executionId>l.hosur.chandrappa@accenture.com_loadDevice_17-05-18_18_36_34_37373</executionId><reason>Success</reason><returnValue>iPhone-7</returnValue><testGridReportUrl>UNCONFIGURED_REPORTIUM_SERVER_URL?externalId[0]=l.hosur.chandrappa@accenture.com_loadDevice_17-05-18_18_36_34_37373&amp;timestamp=1495132633375</testGridReportUrl><singleTestReportUrl>https://mobilecloud.perfectomobile.com/nexperience/singletest/report/?reportRepositoryKey=PRIVATE:loadDevice/170518/loadDevice_17-05-18_18_36_34_37373.xml&amp;ownerId=l.hosur.chandrappa@accenture.com&amp;sharingCode=69e0a985-0e2b-4d15-862a-1083fb357e17</singleTestReportUrl><description>Success</description><reportKey>PRIVATE:loadDevice/170518/loadDevice_17-05-18_18_36_34_37373.xml</reportKey><completed>true</completed><flowEndCode>SUCCEEDED</flowEndCode></response>
<2017-05-19 00:07:15> INFO  [c.p.httpclient.HttpClient] Response values: {reportPdfUrl=UNCONFIGURED_REPORTIUM_SERVER_URL/export/api/v1/test-executions/pdf?externalId[0]=l.hosur.chandrappa@accenture.com_loadDevice_17-05-18_18_36_34_37373&timestamp=1495132633375, executionId=l.hosur.chandrappa@accenture.com_loadDevice_17-05-18_18_36_34_37373, reason=Success, returnValue=iPhone-7, testGridReportUrl=UNCONFIGURED_REPORTIUM_SERVER_URL?externalId[0]=l.hosur.chandrappa@accenture.com_loadDevice_17-05-18_18_36_34_37373&timestamp=1495132633375, singleTestReportUrl=https://mobilecloud.perfectomobile.com/nexperience/singletest/report/?reportRepositoryKey=PRIVATE:loadDevice/170518/loadDevice_17-05-18_18_36_34_37373.xml&ownerId=l.hosur.chandrappa@accenture.com&sharingCode=69e0a985-0e2b-4d15-862a-1083fb357e17, description=Success, reportKey=PRIVATE:loadDevice/170518/loadDevice_17-05-18_18_36_34_37373.xml, completed=true, flowEndCode=SUCCEEDED}
<2017-05-19 00:07:15> INFO  [c.p.selenium.MobileEntity] Got return value: iPhone-7
<2017-05-19 00:07:15> INFO  [c.p.selenium.MobileEntity] Executing command handset info with parameters {handsetId=D82DF6FA033B64F81CCA0B49B148CFA9088329C5, property=Manufacturer}
<2017-05-19 00:07:15> INFO  [c.p.httpclient.HttpClient] Processing request Request[_requestType=EXECUTE_COMMAND,_itemId=l.hosur.chandrappa@accenture.com_loadDevice_17-05-18_18_36_34_37373,_parameters=[ParameterValue[_name=responseFormat,_value=xml], ParameterValue[_name=command,_value=handset], ParameterValue[_name=subcommand,_value=info], ParameterValue[_name=param.handsetId,_value=D82DF6FA033B64F81CCA0B49B148CFA9088329C5], ParameterValue[_name=param.property,_value=Manufacturer]],_stringParameters=<null>,_encoding=UTF-8]
<2017-05-19 00:07:15> INFO  [c.p.httpclient.HttpClient] URL = https://mobilecloud.perfectomobile.com/nexperience/services/executions/l.hosur.chandrappa@accenture.com_loadDevice_17-05-18_18_36_34_37373?operation=command&responseFormat=xml&command=handset&subcommand=info&param.handsetId=D82DF6FA033B64F81CCA0B49B148CFA9088329C5&param.property=Manufacturer&user=l.hosur.chandrappa%40accenture.com
<2017-05-19 00:07:15> INFO  [c.p.httpclient.HttpClient] Response: <?xml version="1.0" encoding="UTF-8"?>
<response><reportPdfUrl>UNCONFIGURED_REPORTIUM_SERVER_URL/export/api/v1/test-executions/pdf?externalId[0]=l.hosur.chandrappa@accenture.com_loadDevice_17-05-18_18_36_34_37373&amp;timestamp=1495132633807</reportPdfUrl><executionId>l.hosur.chandrappa@accenture.com_loadDevice_17-05-18_18_36_34_37373</executionId><reason>Success</reason><returnValue>Apple</returnValue><testGridReportUrl>UNCONFIGURED_REPORTIUM_SERVER_URL?externalId[0]=l.hosur.chandrappa@accenture.com_loadDevice_17-05-18_18_36_34_37373&amp;timestamp=1495132633807</testGridReportUrl><singleTestReportUrl>https://mobilecloud.perfectomobile.com/nexperience/singletest/report/?reportRepositoryKey=PRIVATE:loadDevice/170518/loadDevice_17-05-18_18_36_34_37373.xml&amp;ownerId=l.hosur.chandrappa@accenture.com&amp;sharingCode=69e0a985-0e2b-4d15-862a-1083fb357e17</singleTestReportUrl><description>Success</description><reportKey>PRIVATE:loadDevice/170518/loadDevice_17-05-18_18_36_34_37373.xml</reportKey><completed>true</completed><flowEndCode>SUCCEEDED</flowEndCode></response>
<2017-05-19 00:07:15> INFO  [c.p.httpclient.HttpClient] Response values: {reportPdfUrl=UNCONFIGURED_REPORTIUM_SERVER_URL/export/api/v1/test-executions/pdf?externalId[0]=l.hosur.chandrappa@accenture.com_loadDevice_17-05-18_18_36_34_37373&timestamp=1495132633807, executionId=l.hosur.chandrappa@accenture.com_loadDevice_17-05-18_18_36_34_37373, reason=Success, returnValue=Apple, testGridReportUrl=UNCONFIGURED_REPORTIUM_SERVER_URL?externalId[0]=l.hosur.chandrappa@accenture.com_loadDevice_17-05-18_18_36_34_37373&timestamp=1495132633807, singleTestReportUrl=https://mobilecloud.perfectomobile.com/nexperience/singletest/report/?reportRepositoryKey=PRIVATE:loadDevice/170518/loadDevice_17-05-18_18_36_34_37373.xml&ownerId=l.hosur.chandrappa@accenture.com&sharingCode=69e0a985-0e2b-4d15-862a-1083fb357e17, description=Success, reportKey=PRIVATE:loadDevice/170518/loadDevice_17-05-18_18_36_34_37373.xml, completed=true, flowEndCode=SUCCEEDED}
<2017-05-19 00:07:15> INFO  [c.p.selenium.MobileEntity] Got return value: Apple
<2017-05-19 00:07:15> INFO  [c.p.selenium.MobileEntity] Executing command handset info with parameters {handsetId=D82DF6FA033B64F81CCA0B49B148CFA9088329C5, property=Model}
<2017-05-19 00:07:15> INFO  [c.p.httpclient.HttpClient] Processing request Request[_requestType=EXECUTE_COMMAND,_itemId=l.hosur.chandrappa@accenture.com_loadDevice_17-05-18_18_36_34_37373,_parameters=[ParameterValue[_name=responseFormat,_value=xml], ParameterValue[_name=command,_value=handset], ParameterValue[_name=subcommand,_value=info], ParameterValue[_name=param.handsetId,_value=D82DF6FA033B64F81CCA0B49B148CFA9088329C5], ParameterValue[_name=param.property,_value=Model]],_stringParameters=<null>,_encoding=UTF-8]
<2017-05-19 00:07:15> INFO  [c.p.httpclient.HttpClient] URL = https://mobilecloud.perfectomobile.com/nexperience/services/executions/l.hosur.chandrappa@accenture.com_loadDevice_17-05-18_18_36_34_37373?operation=command&responseFormat=xml&command=handset&subcommand=info&param.handsetId=D82DF6FA033B64F81CCA0B49B148CFA9088329C5&param.property=Model&user=l.hosur.chandrappa%40accenture.com
<2017-05-19 00:07:16> INFO  [c.p.httpclient.HttpClient] Response: <?xml version="1.0" encoding="UTF-8"?>
<response><reportPdfUrl>UNCONFIGURED_REPORTIUM_SERVER_URL/export/api/v1/test-executions/pdf?externalId[0]=l.hosur.chandrappa@accenture.com_loadDevice_17-05-18_18_36_34_37373&amp;timestamp=1495132634198</reportPdfUrl><executionId>l.hosur.chandrappa@accenture.com_loadDevice_17-05-18_18_36_34_37373</executionId><reason>Success</reason><returnValue>iPhone-7</returnValue><testGridReportUrl>UNCONFIGURED_REPORTIUM_SERVER_URL?externalId[0]=l.hosur.chandrappa@accenture.com_loadDevice_17-05-18_18_36_34_37373&amp;timestamp=1495132634198</testGridReportUrl><singleTestReportUrl>https://mobilecloud.perfectomobile.com/nexperience/singletest/report/?reportRepositoryKey=PRIVATE:loadDevice/170518/loadDevice_17-05-18_18_36_34_37373.xml&amp;ownerId=l.hosur.chandrappa@accenture.com&amp;sharingCode=69e0a985-0e2b-4d15-862a-1083fb357e17</singleTestReportUrl><description>Success</description><reportKey>PRIVATE:loadDevice/170518/loadDevice_17-05-18_18_36_34_37373.xml</reportKey><completed>true</completed><flowEndCode>SUCCEEDED</flowEndCode></response>
<2017-05-19 00:07:16> INFO  [c.p.httpclient.HttpClient] Response values: {reportPdfUrl=UNCONFIGURED_REPORTIUM_SERVER_URL/export/api/v1/test-executions/pdf?externalId[0]=l.hosur.chandrappa@accenture.com_loadDevice_17-05-18_18_36_34_37373&timestamp=1495132634198, executionId=l.hosur.chandrappa@accenture.com_loadDevice_17-05-18_18_36_34_37373, reason=Success, returnValue=iPhone-7, testGridReportUrl=UNCONFIGURED_REPORTIUM_SERVER_URL?externalId[0]=l.hosur.chandrappa@accenture.com_loadDevice_17-05-18_18_36_34_37373&timestamp=1495132634198, singleTestReportUrl=https://mobilecloud.perfectomobile.com/nexperience/singletest/report/?reportRepositoryKey=PRIVATE:loadDevice/170518/loadDevice_17-05-18_18_36_34_37373.xml&ownerId=l.hosur.chandrappa@accenture.com&sharingCode=69e0a985-0e2b-4d15-862a-1083fb357e17, description=Success, reportKey=PRIVATE:loadDevice/170518/loadDevice_17-05-18_18_36_34_37373.xml, completed=true, flowEndCode=SUCCEEDED}
<2017-05-19 00:07:16> INFO  [c.p.selenium.MobileEntity] Got return value: iPhone-7
<2017-05-19 00:07:16> INFO  [c.p.selenium.MobileEntity] Executing command handset info with parameters {handsetId=D82DF6FA033B64F81CCA0B49B148CFA9088329C5, property=Model}
<2017-05-19 00:07:16> INFO  [c.p.httpclient.HttpClient] Processing request Request[_requestType=EXECUTE_COMMAND,_itemId=l.hosur.chandrappa@accenture.com_loadDevice_17-05-18_18_36_34_37373,_parameters=[ParameterValue[_name=responseFormat,_value=xml], ParameterValue[_name=command,_value=handset], ParameterValue[_name=subcommand,_value=info], ParameterValue[_name=param.handsetId,_value=D82DF6FA033B64F81CCA0B49B148CFA9088329C5], ParameterValue[_name=param.property,_value=Model]],_stringParameters=<null>,_encoding=UTF-8]
<2017-05-19 00:07:16> INFO  [c.p.httpclient.HttpClient] URL = https://mobilecloud.perfectomobile.com/nexperience/services/executions/l.hosur.chandrappa@accenture.com_loadDevice_17-05-18_18_36_34_37373?operation=command&responseFormat=xml&command=handset&subcommand=info&param.handsetId=D82DF6FA033B64F81CCA0B49B148CFA9088329C5&param.property=Model&user=l.hosur.chandrappa%40accenture.com
<2017-05-19 00:07:16> INFO  [c.p.httpclient.HttpClient] Response: <?xml version="1.0" encoding="UTF-8"?>
<response><reportPdfUrl>UNCONFIGURED_REPORTIUM_SERVER_URL/export/api/v1/test-executions/pdf?externalId[0]=l.hosur.chandrappa@accenture.com_loadDevice_17-05-18_18_36_34_37373&amp;timestamp=1495132634563</reportPdfUrl><executionId>l.hosur.chandrappa@accenture.com_loadDevice_17-05-18_18_36_34_37373</executionId><reason>Success</reason><returnValue>iPhone-7</returnValue><testGridReportUrl>UNCONFIGURED_REPORTIUM_SERVER_URL?externalId[0]=l.hosur.chandrappa@accenture.com_loadDevice_17-05-18_18_36_34_37373&amp;timestamp=1495132634563</testGridReportUrl><singleTestReportUrl>https://mobilecloud.perfectomobile.com/nexperience/singletest/report/?reportRepositoryKey=PRIVATE:loadDevice/170518/loadDevice_17-05-18_18_36_34_37373.xml&amp;ownerId=l.hosur.chandrappa@accenture.com&amp;sharingCode=69e0a985-0e2b-4d15-862a-1083fb357e17</singleTestReportUrl><description>Success</description><reportKey>PRIVATE:loadDevice/170518/loadDevice_17-05-18_18_36_34_37373.xml</reportKey><completed>true</completed><flowEndCode>SUCCEEDED</flowEndCode></response>
<2017-05-19 00:07:16> INFO  [c.p.httpclient.HttpClient] Response values: {reportPdfUrl=UNCONFIGURED_REPORTIUM_SERVER_URL/export/api/v1/test-executions/pdf?externalId[0]=l.hosur.chandrappa@accenture.com_loadDevice_17-05-18_18_36_34_37373&timestamp=1495132634563, executionId=l.hosur.chandrappa@accenture.com_loadDevice_17-05-18_18_36_34_37373, reason=Success, returnValue=iPhone-7, testGridReportUrl=UNCONFIGURED_REPORTIUM_SERVER_URL?externalId[0]=l.hosur.chandrappa@accenture.com_loadDevice_17-05-18_18_36_34_37373&timestamp=1495132634563, singleTestReportUrl=https://mobilecloud.perfectomobile.com/nexperience/singletest/report/?reportRepositoryKey=PRIVATE:loadDevice/170518/loadDevice_17-05-18_18_36_34_37373.xml&ownerId=l.hosur.chandrappa@accenture.com&sharingCode=69e0a985-0e2b-4d15-862a-1083fb357e17, description=Success, reportKey=PRIVATE:loadDevice/170518/loadDevice_17-05-18_18_36_34_37373.xml, completed=true, flowEndCode=SUCCEEDED}
<2017-05-19 00:07:16> INFO  [c.p.selenium.MobileEntity] Got return value: iPhone-7
****************************************************************************
Starting of TC_134_ValidateErrorMessageForWrongUsername
****************************************************************************
<2017-05-19 00:07:18> INFO  [c.p.selenium.MobileEntity] Executing command application open with parameters {handsetId=D82DF6FA033B64F81CCA0B49B148CFA9088329C5, name=HPE Go}
<2017-05-19 00:07:18> INFO  [c.p.httpclient.HttpClient] Processing request Request[_requestType=EXECUTE_COMMAND,_itemId=l.hosur.chandrappa@accenture.com_loadDevice_17-05-18_18_36_34_37373,_parameters=[ParameterValue[_name=responseFormat,_value=xml], ParameterValue[_name=command,_value=application], ParameterValue[_name=subcommand,_value=open], ParameterValue[_name=param.handsetId,_value=D82DF6FA033B64F81CCA0B49B148CFA9088329C5], ParameterValue[_name=param.name,_value=HPE Go]],_stringParameters=<null>,_encoding=UTF-8]
<2017-05-19 00:07:18> INFO  [c.p.httpclient.HttpClient] URL = https://mobilecloud.perfectomobile.com/nexperience/services/executions/l.hosur.chandrappa@accenture.com_loadDevice_17-05-18_18_36_34_37373?operation=command&responseFormat=xml&command=application&subcommand=open&param.handsetId=D82DF6FA033B64F81CCA0B49B148CFA9088329C5&param.name=HPE+Go&user=l.hosur.chandrappa%40accenture.com
<2017-05-19 00:07:19> INFO  [c.p.httpclient.HttpClient] Response: <?xml version="1.0" encoding="UTF-8"?>
<response><reportPdfUrl>UNCONFIGURED_REPORTIUM_SERVER_URL/export/api/v1/test-executions/pdf?externalId[0]=l.hosur.chandrappa@accenture.com_loadDevice_17-05-18_18_36_34_37373&amp;timestamp=1495132637431</reportPdfUrl><reason>Failed</reason><timer.elapsed>482</timer.elapsed><testGridReportUrl>UNCONFIGURED_REPORTIUM_SERVER_URL?externalId[0]=l.hosur.chandrappa@accenture.com_loadDevice_17-05-18_18_36_34_37373&amp;timestamp=1495132637431</testGridReportUrl><description>application-start command failed. Reason: handset server: cannot launch application. Please check the name of the application</description><timer.system>0</timer.system><completed>true</completed><flowEndCode>FAILED</flowEndCode><executionId>l.hosur.chandrappa@accenture.com_loadDevice_17-05-18_18_36_34_37373</executionId><timer.ux>482</timer.ux><singleTestReportUrl>https://mobilecloud.perfectomobile.com/nexperience/singletest/report/?reportRepositoryKey=PRIVATE:loadDevice/170518/loadDevice_17-05-18_18_36_34_37373.xml&amp;ownerId=l.hosur.chandrappa@accenture.com&amp;sharingCode=69e0a985-0e2b-4d15-862a-1083fb357e17</singleTestReportUrl><reportKey>PRIVATE:loadDevice/170518/loadDevice_17-05-18_18_36_34_37373.xml</reportKey><timer.device>482</timer.device></response>
<2017-05-19 00:07:19> INFO  [c.p.httpclient.HttpClient] Response values: {reportPdfUrl=UNCONFIGURED_REPORTIUM_SERVER_URL/export/api/v1/test-executions/pdf?externalId[0]=l.hosur.chandrappa@accenture.com_loadDevice_17-05-18_18_36_34_37373&timestamp=1495132637431, reason=Failed, timer.elapsed=482, testGridReportUrl=UNCONFIGURED_REPORTIUM_SERVER_URL?externalId[0]=l.hosur.chandrappa@accenture.com_loadDevice_17-05-18_18_36_34_37373&timestamp=1495132637431, description=application-start command failed. Reason: handset server: cannot launch application. Please check the name of the application, timer.system=0, completed=true, flowEndCode=FAILED, executionId=l.hosur.chandrappa@accenture.com_loadDevice_17-05-18_18_36_34_37373, timer.ux=482, singleTestReportUrl=https://mobilecloud.perfectomobile.com/nexperience/singletest/report/?reportRepositoryKey=PRIVATE:loadDevice/170518/loadDevice_17-05-18_18_36_34_37373.xml&ownerId=l.hosur.chandrappa@accenture.com&sharingCode=69e0a985-0e2b-4d15-862a-1083fb357e17, reportKey=PRIVATE:loadDevice/170518/loadDevice_17-05-18_18_36_34_37373.xml, timer.device=482}
<2017-05-19 00:07:19> INFO  [c.p.selenium.MobileEntity] Executing command application open with parameters {handsetId=D82DF6FA033B64F81CCA0B49B148CFA9088329C5, name=Safari}
<2017-05-19 00:07:19> INFO  [c.p.httpclient.HttpClient] Processing request Request[_requestType=EXECUTE_COMMAND,_itemId=l.hosur.chandrappa@accenture.com_loadDevice_17-05-18_18_36_34_37373,_parameters=[ParameterValue[_name=responseFormat,_value=xml], ParameterValue[_name=command,_value=application], ParameterValue[_name=subcommand,_value=open], ParameterValue[_name=param.handsetId,_value=D82DF6FA033B64F81CCA0B49B148CFA9088329C5], ParameterValue[_name=param.name,_value=Safari]],_stringParameters=<null>,_encoding=UTF-8]
<2017-05-19 00:07:19> INFO  [c.p.httpclient.HttpClient] URL = https://mobilecloud.perfectomobile.com/nexperience/services/executions/l.hosur.chandrappa@accenture.com_loadDevice_17-05-18_18_36_34_37373?operation=command&responseFormat=xml&command=application&subcommand=open&param.handsetId=D82DF6FA033B64F81CCA0B49B148CFA9088329C5&param.name=Safari&user=l.hosur.chandrappa%40accenture.com
<2017-05-19 00:07:20> INFO  [c.p.httpclient.HttpClient] Response: <?xml version="1.0" encoding="UTF-8"?>
<response><reportPdfUrl>UNCONFIGURED_REPORTIUM_SERVER_URL/export/api/v1/test-executions/pdf?externalId[0]=l.hosur.chandrappa@accenture.com_loadDevice_17-05-18_18_36_34_37373&amp;timestamp=1495132638990</reportPdfUrl><reason>Success</reason><timer.elapsed>1147</timer.elapsed><returnValue>OK</returnValue><testGridReportUrl>UNCONFIGURED_REPORTIUM_SERVER_URL?externalId[0]=l.hosur.chandrappa@accenture.com_loadDevice_17-05-18_18_36_34_37373&amp;timestamp=1495132638990</testGridReportUrl><description>Success</description><timer.system>1</timer.system><completed>true</completed><flowEndCode>SUCCEEDED</flowEndCode><executionId>l.hosur.chandrappa@accenture.com_loadDevice_17-05-18_18_36_34_37373</executionId><timer.ux>1146</timer.ux><singleTestReportUrl>https://mobilecloud.perfectomobile.com/nexperience/singletest/report/?reportRepositoryKey=PRIVATE:loadDevice/170518/loadDevice_17-05-18_18_36_34_37373.xml&amp;ownerId=l.hosur.chandrappa@accenture.com&amp;sharingCode=69e0a985-0e2b-4d15-862a-1083fb357e17</singleTestReportUrl><reportKey>PRIVATE:loadDevice/170518/loadDevice_17-05-18_18_36_34_37373.xml</reportKey><timer.device>1146</timer.device></response>
<2017-05-19 00:07:20> INFO  [c.p.httpclient.HttpClient] Response values: {reportPdfUrl=UNCONFIGURED_REPORTIUM_SERVER_URL/export/api/v1/test-executions/pdf?externalId[0]=l.hosur.chandrappa@accenture.com_loadDevice_17-05-18_18_36_34_37373&timestamp=1495132638990, reason=Success, timer.elapsed=1147, returnValue=OK, testGridReportUrl=UNCONFIGURED_REPORTIUM_SERVER_URL?externalId[0]=l.hosur.chandrappa@accenture.com_loadDevice_17-05-18_18_36_34_37373&timestamp=1495132638990, description=Success, timer.system=1, completed=true, flowEndCode=SUCCEEDED, executionId=l.hosur.chandrappa@accenture.com_loadDevice_17-05-18_18_36_34_37373, timer.ux=1146, singleTestReportUrl=https://mobilecloud.perfectomobile.com/nexperience/singletest/report/?reportRepositoryKey=PRIVATE:loadDevice/170518/loadDevice_17-05-18_18_36_34_37373.xml&ownerId=l.hosur.chandrappa@accenture.com&sharingCode=69e0a985-0e2b-4d15-862a-1083fb357e17, reportKey=PRIVATE:loadDevice/170518/loadDevice_17-05-18_18_36_34_37373.xml, timer.device=1146}
<2017-05-19 00:07:20> INFO  [c.p.selenium.MobileEntity] Got return value: OK
Opened Safari Browser 
<2017-05-19 00:07:25> INFO  [c.p.selenium.MobileEntity] Executing command application.element find with parameters {handsetId=D82DF6FA033B64F81CCA0B49B148CFA9088329C5, by=xpath, value=xpath|(//*[@label="Address"])[2]			, timeout=10, format=detailed, usecache=use}
<2017-05-19 00:07:25> INFO  [c.p.httpclient.HttpClient] Processing request Request[_requestType=EXECUTE_COMMAND,_itemId=l.hosur.chandrappa@accenture.com_loadDevice_17-05-18_18_36_34_37373,_parameters=[ParameterValue[_name=responseFormat,_value=xml], ParameterValue[_name=command,_value=application.element], ParameterValue[_name=subcommand,_value=find], ParameterValue[_name=param.handsetId,_value=D82DF6FA033B64F81CCA0B49B148CFA9088329C5], ParameterValue[_name=param.by,_value=xpath], ParameterValue[_name=param.value,_value=xpath|(//*[@label="Address"])[2]			], ParameterValue[_name=param.timeout,_value=10], ParameterValue[_name=param.format,_value=detailed], ParameterValue[_name=param.usecache,_value=use]],_stringParameters=<null>,_encoding=UTF-8]
<2017-05-19 00:07:25> INFO  [c.p.httpclient.HttpClient] URL = https://mobilecloud.perfectomobile.com/nexperience/services/executions/l.hosur.chandrappa@accenture.com_loadDevice_17-05-18_18_36_34_37373?operation=command&responseFormat=xml&command=application.element&subcommand=find&param.handsetId=D82DF6FA033B64F81CCA0B49B148CFA9088329C5&param.by=xpath&param.value=xpath%7C%28%2F%2F*%5B%40label%3D%22Address%22%5D%29%5B2%5D%09%09%09&param.timeout=10&param.format=detailed&param.usecache=use&user=l.hosur.chandrappa%40accenture.com
<2017-05-19 00:07:32> INFO  [c.p.httpclient.HttpClient] Response: <?xml version="1.0" encoding="UTF-8"?>
<response><reportPdfUrl>UNCONFIGURED_REPORTIUM_SERVER_URL/export/api/v1/test-executions/pdf?externalId[0]=l.hosur.chandrappa@accenture.com_loadDevice_17-05-18_18_36_34_37373&amp;timestamp=1495132650537</reportPdfUrl><reason>Success</reason><timer.elapsed>5538</timer.elapsed><returnValue>[by=cacheId;value=0]</returnValue><testGridReportUrl>UNCONFIGURED_REPORTIUM_SERVER_URL?externalId[0]=l.hosur.chandrappa@accenture.com_loadDevice_17-05-18_18_36_34_37373&amp;timestamp=1495132650537</testGridReportUrl><description>Success</description><timer.system>95</timer.system><completed>true</completed><flowEndCode>SUCCEEDED</flowEndCode><executionId>l.hosur.chandrappa@accenture.com_loadDevice_17-05-18_18_36_34_37373</executionId><timer.ux>5443</timer.ux><singleTestReportUrl>https://mobilecloud.perfectomobile.com/nexperience/singletest/report/?reportRepositoryKey=PRIVATE:loadDevice/170518/loadDevice_17-05-18_18_36_34_37373.xml&amp;ownerId=l.hosur.chandrappa@accenture.com&amp;sharingCode=69e0a985-0e2b-4d15-862a-1083fb357e17</singleTestReportUrl><reportKey>PRIVATE:loadDevice/170518/loadDevice_17-05-18_18_36_34_37373.xml</reportKey><scopes>0</scopes><timer.device>5443</timer.device></response>
<2017-05-19 00:07:32> INFO  [c.p.httpclient.HttpClient] Response values: {reportPdfUrl=UNCONFIGURED_REPORTIUM_SERVER_URL/export/api/v1/test-executions/pdf?externalId[0]=l.hosur.chandrappa@accenture.com_loadDevice_17-05-18_18_36_34_37373&timestamp=1495132650537, reason=Success, timer.elapsed=5538, returnValue=[by=cacheId;value=0], testGridReportUrl=UNCONFIGURED_REPORTIUM_SERVER_URL?externalId[0]=l.hosur.chandrappa@accenture.com_loadDevice_17-05-18_18_36_34_37373&timestamp=1495132650537, description=Success, timer.system=95, completed=true, flowEndCode=SUCCEEDED, executionId=l.hosur.chandrappa@accenture.com_loadDevice_17-05-18_18_36_34_37373, timer.ux=5443, singleTestReportUrl=https://mobilecloud.perfectomobile.com/nexperience/singletest/report/?reportRepositoryKey=PRIVATE:loadDevice/170518/loadDevice_17-05-18_18_36_34_37373.xml&ownerId=l.hosur.chandrappa@accenture.com&sharingCode=69e0a985-0e2b-4d15-862a-1083fb357e17, reportKey=PRIVATE:loadDevice/170518/loadDevice_17-05-18_18_36_34_37373.xml, scopes=0, timer.device=5443}
<2017-05-19 00:07:32> INFO  [c.p.selenium.MobileEntity] Got return value: [by=cacheId;value=0]
<2017-05-19 00:07:37> INFO  [c.p.selenium.MobileEntity] Executing command application.element click with parameters {handsetId=D82DF6FA033B64F81CCA0B49B148CFA9088329C5, by=cacheId, value=0, timeout=10, usecache=use}
<2017-05-19 00:07:37> INFO  [c.p.httpclient.HttpClient] Processing request Request[_requestType=EXECUTE_COMMAND,_itemId=l.hosur.chandrappa@accenture.com_loadDevice_17-05-18_18_36_34_37373,_parameters=[ParameterValue[_name=responseFormat,_value=xml], ParameterValue[_name=command,_value=application.element], ParameterValue[_name=subcommand,_value=click], ParameterValue[_name=param.handsetId,_value=D82DF6FA033B64F81CCA0B49B148CFA9088329C5], ParameterValue[_name=param.by,_value=cacheId], ParameterValue[_name=param.value,_value=0], ParameterValue[_name=param.timeout,_value=10], ParameterValue[_name=param.usecache,_value=use]],_stringParameters=<null>,_encoding=UTF-8]
<2017-05-19 00:07:37> INFO  [c.p.httpclient.HttpClient] URL = https://mobilecloud.perfectomobile.com/nexperience/services/executions/l.hosur.chandrappa@accenture.com_loadDevice_17-05-18_18_36_34_37373?operation=command&responseFormat=xml&command=application.element&subcommand=click&param.handsetId=D82DF6FA033B64F81CCA0B49B148CFA9088329C5&param.by=cacheId&param.value=0&param.timeout=10&param.usecache=use&user=l.hosur.chandrappa%40accenture.com
<2017-05-19 00:07:39> INFO  [c.p.httpclient.HttpClient] Response: <?xml version="1.0" encoding="UTF-8"?>
<response><reportPdfUrl>UNCONFIGURED_REPORTIUM_SERVER_URL/export/api/v1/test-executions/pdf?externalId[0]=l.hosur.chandrappa@accenture.com_loadDevice_17-05-18_18_36_34_37373&amp;timestamp=1495132657617</reportPdfUrl><reason>Success</reason><timer.elapsed>803</timer.elapsed><testGridReportUrl>UNCONFIGURED_REPORTIUM_SERVER_URL?externalId[0]=l.hosur.chandrappa@accenture.com_loadDevice_17-05-18_18_36_34_37373&amp;timestamp=1495132657617</testGridReportUrl><description>Success</description><timer.system>0</timer.system><completed>true</completed><flowEndCode>SUCCEEDED</flowEndCode><executionId>l.hosur.chandrappa@accenture.com_loadDevice_17-05-18_18_36_34_37373</executionId><timer.ux>803</timer.ux><singleTestReportUrl>https://mobilecloud.perfectomobile.com/nexperience/singletest/report/?reportRepositoryKey=PRIVATE:loadDevice/170518/loadDevice_17-05-18_18_36_34_37373.xml&amp;ownerId=l.hosur.chandrappa@accenture.com&amp;sharingCode=69e0a985-0e2b-4d15-862a-1083fb357e17</singleTestReportUrl><reportKey>PRIVATE:loadDevice/170518/loadDevice_17-05-18_18_36_34_37373.xml</reportKey><scopes>0</scopes><timer.device>803</timer.device></response>
<2017-05-19 00:07:39> INFO  [c.p.httpclient.HttpClient] Response values: {reportPdfUrl=UNCONFIGURED_REPORTIUM_SERVER_URL/export/api/v1/test-executions/pdf?externalId[0]=l.hosur.chandrappa@accenture.com_loadDevice_17-05-18_18_36_34_37373&timestamp=1495132657617, reason=Success, timer.elapsed=803, testGridReportUrl=UNCONFIGURED_REPORTIUM_SERVER_URL?externalId[0]=l.hosur.chandrappa@accenture.com_loadDevice_17-05-18_18_36_34_37373&timestamp=1495132657617, description=Success, timer.system=0, completed=true, flowEndCode=SUCCEEDED, executionId=l.hosur.chandrappa@accenture.com_loadDevice_17-05-18_18_36_34_37373, timer.ux=803, singleTestReportUrl=https://mobilecloud.perfectomobile.com/nexperience/singletest/report/?reportRepositoryKey=PRIVATE:loadDevice/170518/loadDevice_17-05-18_18_36_34_37373.xml&ownerId=l.hosur.chandrappa@accenture.com&sharingCode=69e0a985-0e2b-4d15-862a-1083fb357e17, reportKey=PRIVATE:loadDevice/170518/loadDevice_17-05-18_18_36_34_37373.xml, scopes=0, timer.device=803}
<2017-05-19 00:07:39> INFO  [c.p.selenium.MobileEntity] Got return value: null
<2017-05-19 00:07:39> INFO  [c.p.selenium.MobileEntity] Executing command application.element set with parameters {handsetId=D82DF6FA033B64F81CCA0B49B148CFA9088329C5, text=https://mobilitycat.itcs.hpe.com/catalog, by=cacheId, value=0, timeout=10, usecache=use, edit=append}
<2017-05-19 00:07:39> INFO  [c.p.httpclient.HttpClient] Processing request Request[_requestType=EXECUTE_COMMAND,_itemId=l.hosur.chandrappa@accenture.com_loadDevice_17-05-18_18_36_34_37373,_parameters=[ParameterValue[_name=responseFormat,_value=xml], ParameterValue[_name=command,_value=application.element], ParameterValue[_name=subcommand,_value=set], ParameterValue[_name=param.handsetId,_value=D82DF6FA033B64F81CCA0B49B148CFA9088329C5], ParameterValue[_name=param.text,_value=https://mobilitycat.itcs.hpe.com/catalog], ParameterValue[_name=param.by,_value=cacheId], ParameterValue[_name=param.value,_value=0], ParameterValue[_name=param.timeout,_value=10], ParameterValue[_name=param.usecache,_value=use], ParameterValue[_name=param.edit,_value=append]],_stringParameters=<null>,_encoding=UTF-8]
<2017-05-19 00:07:39> INFO  [c.p.httpclient.HttpClient] URL = https://mobilecloud.perfectomobile.com/nexperience/services/executions/l.hosur.chandrappa@accenture.com_loadDevice_17-05-18_18_36_34_37373?operation=command&responseFormat=xml&command=application.element&subcommand=set&param.handsetId=D82DF6FA033B64F81CCA0B49B148CFA9088329C5&param.text=https%3A%2F%2Fmobilitycat.itcs.hpe.com%2Fcatalog&param.by=cacheId&param.value=0&param.timeout=10&param.usecache=use&param.edit=append&user=l.hosur.chandrappa%40accenture.com
<2017-05-19 00:07:40> INFO  [c.p.httpclient.HttpClient] Response: <?xml version="1.0" encoding="UTF-8"?>
<response><reportPdfUrl>UNCONFIGURED_REPORTIUM_SERVER_URL/export/api/v1/test-executions/pdf?externalId[0]=l.hosur.chandrappa@accenture.com_loadDevice_17-05-18_18_36_34_37373&amp;timestamp=1495132658664</reportPdfUrl><reason>Failed</reason><timer.elapsed>673</timer.elapsed><testGridReportUrl>UNCONFIGURED_REPORTIUM_SERVER_URL?externalId[0]=l.hosur.chandrappa@accenture.com_loadDevice_17-05-18_18_36_34_37373&amp;timestamp=1495132658664</testGridReportUrl><description>setElementValue command failed. Reason: handset server: cannot execute command.</description><timer.system>0</timer.system><completed>true</completed><flowEndCode>FAILED</flowEndCode><executionId>l.hosur.chandrappa@accenture.com_loadDevice_17-05-18_18_36_34_37373</executionId><timer.ux>673</timer.ux><singleTestReportUrl>https://mobilecloud.perfectomobile.com/nexperience/singletest/report/?reportRepositoryKey=PRIVATE:loadDevice/170518/loadDevice_17-05-18_18_36_34_37373.xml&amp;ownerId=l.hosur.chandrappa@accenture.com&amp;sharingCode=69e0a985-0e2b-4d15-862a-1083fb357e17</singleTestReportUrl><reportKey>PRIVATE:loadDevice/170518/loadDevice_17-05-18_18_36_34_37373.xml</reportKey><timer.device>673</timer.device></response>
<2017-05-19 00:07:40> INFO  [c.p.httpclient.HttpClient] Response values: {reportPdfUrl=UNCONFIGURED_REPORTIUM_SERVER_URL/export/api/v1/test-executions/pdf?externalId[0]=l.hosur.chandrappa@accenture.com_loadDevice_17-05-18_18_36_34_37373&timestamp=1495132658664, reason=Failed, timer.elapsed=673, testGridReportUrl=UNCONFIGURED_REPORTIUM_SERVER_URL?externalId[0]=l.hosur.chandrappa@accenture.com_loadDevice_17-05-18_18_36_34_37373&timestamp=1495132658664, description=setElementValue command failed. Reason: handset server: cannot execute command., timer.system=0, completed=true, flowEndCode=FAILED, executionId=l.hosur.chandrappa@accenture.com_loadDevice_17-05-18_18_36_34_37373, timer.ux=673, singleTestReportUrl=https://mobilecloud.perfectomobile.com/nexperience/singletest/report/?reportRepositoryKey=PRIVATE:loadDevice/170518/loadDevice_17-05-18_18_36_34_37373.xml&ownerId=l.hosur.chandrappa@accenture.com&sharingCode=69e0a985-0e2b-4d15-862a-1083fb357e17, reportKey=PRIVATE:loadDevice/170518/loadDevice_17-05-18_18_36_34_37373.xml, timer.device=673}
<2017-05-19 00:07:40> INFO  [c.p.selenium.MobileEntity] Executing command touch tap with parameters {handsetId=D82DF6FA033B64F81CCA0B49B148CFA9088329C5, location=352,74}
<2017-05-19 00:07:40> INFO  [c.p.httpclient.HttpClient] Processing request Request[_requestType=EXECUTE_COMMAND,_itemId=l.hosur.chandrappa@accenture.com_loadDevice_17-05-18_18_36_34_37373,_parameters=[ParameterValue[_name=responseFormat,_value=xml], ParameterValue[_name=command,_value=touch], ParameterValue[_name=subcommand,_value=tap], ParameterValue[_name=param.handsetId,_value=D82DF6FA033B64F81CCA0B49B148CFA9088329C5], ParameterValue[_name=param.location,_value=352,74]],_stringParameters=<null>,_encoding=UTF-8]
<2017-05-19 00:07:40> INFO  [c.p.httpclient.HttpClient] URL = https://mobilecloud.perfectomobile.com/nexperience/services/executions/l.hosur.chandrappa@accenture.com_loadDevice_17-05-18_18_36_34_37373?operation=command&responseFormat=xml&command=touch&subcommand=tap&param.handsetId=D82DF6FA033B64F81CCA0B49B148CFA9088329C5&param.location=352%2C74&user=l.hosur.chandrappa%40accenture.com
<2017-05-19 00:07:41> INFO  [c.p.httpclient.HttpClient] Response: <?xml version="1.0" encoding="UTF-8"?>
<response><reportPdfUrl>UNCONFIGURED_REPORTIUM_SERVER_URL/export/api/v1/test-executions/pdf?externalId[0]=l.hosur.chandrappa@accenture.com_loadDevice_17-05-18_18_36_34_37373&amp;timestamp=1495132659220</reportPdfUrl><reason>Success</reason><timer.elapsed>182</timer.elapsed><testGridReportUrl>UNCONFIGURED_REPORTIUM_SERVER_URL?externalId[0]=l.hosur.chandrappa@accenture.com_loadDevice_17-05-18_18_36_34_37373&amp;timestamp=1495132659220</testGridReportUrl><description>Success</description><timer.system>182</timer.system><completed>true</completed><flowEndCode>SUCCEEDED</flowEndCode><executionId>l.hosur.chandrappa@accenture.com_loadDevice_17-05-18_18_36_34_37373</executionId><timer.ux>0</timer.ux><singleTestReportUrl>https://mobilecloud.perfectomobile.com/nexperience/singletest/report/?reportRepositoryKey=PRIVATE:loadDevice/170518/loadDevice_17-05-18_18_36_34_37373.xml&amp;ownerId=l.hosur.chandrappa@accenture.com&amp;sharingCode=69e0a985-0e2b-4d15-862a-1083fb357e17</singleTestReportUrl><reportKey>PRIVATE:loadDevice/170518/loadDevice_17-05-18_18_36_34_37373.xml</reportKey><timer.device>0</timer.device></response>
<2017-05-19 00:07:41> INFO  [c.p.httpclient.HttpClient] Response values: {reportPdfUrl=UNCONFIGURED_REPORTIUM_SERVER_URL/export/api/v1/test-executions/pdf?externalId[0]=l.hosur.chandrappa@accenture.com_loadDevice_17-05-18_18_36_34_37373&timestamp=1495132659220, reason=Success, timer.elapsed=182, testGridReportUrl=UNCONFIGURED_REPORTIUM_SERVER_URL?externalId[0]=l.hosur.chandrappa@accenture.com_loadDevice_17-05-18_18_36_34_37373&timestamp=1495132659220, description=Success, timer.system=182, completed=true, flowEndCode=SUCCEEDED, executionId=l.hosur.chandrappa@accenture.com_loadDevice_17-05-18_18_36_34_37373, timer.ux=0, singleTestReportUrl=https://mobilecloud.perfectomobile.com/nexperience/singletest/report/?reportRepositoryKey=PRIVATE:loadDevice/170518/loadDevice_17-05-18_18_36_34_37373.xml&ownerId=l.hosur.chandrappa@accenture.com&sharingCode=69e0a985-0e2b-4d15-862a-1083fb357e17, reportKey=PRIVATE:loadDevice/170518/loadDevice_17-05-18_18_36_34_37373.xml, timer.device=0}
<2017-05-19 00:07:41> INFO  [c.p.selenium.MobileEntity] Got return value: null
Clicked on existing URL
<2017-05-19 00:07:46> INFO  [c.p.selenium.MobileEntity] Executing command touch tap with parameters {handsetId=D82DF6FA033B64F81CCA0B49B148CFA9088329C5, location=552,74}
<2017-05-19 00:07:46> INFO  [c.p.httpclient.HttpClient] Processing request Request[_requestType=EXECUTE_COMMAND,_itemId=l.hosur.chandrappa@accenture.com_loadDevice_17-05-18_18_36_34_37373,_parameters=[ParameterValue[_name=responseFormat,_value=xml], ParameterValue[_name=command,_value=touch], ParameterValue[_name=subcommand,_value=tap], ParameterValue[_name=param.handsetId,_value=D82DF6FA033B64F81CCA0B49B148CFA9088329C5], ParameterValue[_name=param.location,_value=552,74]],_stringParameters=<null>,_encoding=UTF-8]
<2017-05-19 00:07:46> INFO  [c.p.httpclient.HttpClient] URL = https://mobilecloud.perfectomobile.com/nexperience/services/executions/l.hosur.chandrappa@accenture.com_loadDevice_17-05-18_18_36_34_37373?operation=command&responseFormat=xml&command=touch&subcommand=tap&param.handsetId=D82DF6FA033B64F81CCA0B49B148CFA9088329C5&param.location=552%2C74&user=l.hosur.chandrappa%40accenture.com
<2017-05-19 00:07:47> INFO  [c.p.httpclient.HttpClient] Response: <?xml version="1.0" encoding="UTF-8"?>
<response><reportPdfUrl>UNCONFIGURED_REPORTIUM_SERVER_URL/export/api/v1/test-executions/pdf?externalId[0]=l.hosur.chandrappa@accenture.com_loadDevice_17-05-18_18_36_34_37373&amp;timestamp=1495132665520</reportPdfUrl><reason>Success</reason><timer.elapsed>174</timer.elapsed><testGridReportUrl>UNCONFIGURED_REPORTIUM_SERVER_URL?externalId[0]=l.hosur.chandrappa@accenture.com_loadDevice_17-05-18_18_36_34_37373&amp;timestamp=1495132665520</testGridReportUrl><description>Success</description><timer.system>174</timer.system><completed>true</completed><flowEndCode>SUCCEEDED</flowEndCode><executionId>l.hosur.chandrappa@accenture.com_loadDevice_17-05-18_18_36_34_37373</executionId><timer.ux>0</timer.ux><singleTestReportUrl>https://mobilecloud.perfectomobile.com/nexperience/singletest/report/?reportRepositoryKey=PRIVATE:loadDevice/170518/loadDevice_17-05-18_18_36_34_37373.xml&amp;ownerId=l.hosur.chandrappa@accenture.com&amp;sharingCode=69e0a985-0e2b-4d15-862a-1083fb357e17</singleTestReportUrl><reportKey>PRIVATE:loadDevice/170518/loadDevice_17-05-18_18_36_34_37373.xml</reportKey><timer.device>0</timer.device></response>
<2017-05-19 00:07:47> INFO  [c.p.httpclient.HttpClient] Response values: {reportPdfUrl=UNCONFIGURED_REPORTIUM_SERVER_URL/export/api/v1/test-executions/pdf?externalId[0]=l.hosur.chandrappa@accenture.com_loadDevice_17-05-18_18_36_34_37373&timestamp=1495132665520, reason=Success, timer.elapsed=174, testGridReportUrl=UNCONFIGURED_REPORTIUM_SERVER_URL?externalId[0]=l.hosur.chandrappa@accenture.com_loadDevice_17-05-18_18_36_34_37373&timestamp=1495132665520, description=Success, timer.system=174, completed=true, flowEndCode=SUCCEEDED, executionId=l.hosur.chandrappa@accenture.com_loadDevice_17-05-18_18_36_34_37373, timer.ux=0, singleTestReportUrl=https://mobilecloud.perfectomobile.com/nexperience/singletest/report/?reportRepositoryKey=PRIVATE:loadDevice/170518/loadDevice_17-05-18_18_36_34_37373.xml&ownerId=l.hosur.chandrappa@accenture.com&sharingCode=69e0a985-0e2b-4d15-862a-1083fb357e17, reportKey=PRIVATE:loadDevice/170518/loadDevice_17-05-18_18_36_34_37373.xml, timer.device=0}
<2017-05-19 00:07:47> INFO  [c.p.selenium.MobileEntity] Got return value: null
Clicked on Remove button
<2017-05-19 00:07:49> INFO  [c.p.selenium.MobileEntity] Executing command application.element find with parameters {handsetId=D82DF6FA033B64F81CCA0B49B148CFA9088329C5, by=xpath, value=xpath|(//*[@label="Address"])[2]			, timeout=20, format=detailed, usecache=use}
<2017-05-19 00:07:49> INFO  [c.p.httpclient.HttpClient] Processing request Request[_requestType=EXECUTE_COMMAND,_itemId=l.hosur.chandrappa@accenture.com_loadDevice_17-05-18_18_36_34_37373,_parameters=[ParameterValue[_name=responseFormat,_value=xml], ParameterValue[_name=command,_value=application.element], ParameterValue[_name=subcommand,_value=find], ParameterValue[_name=param.handsetId,_value=D82DF6FA033B64F81CCA0B49B148CFA9088329C5], ParameterValue[_name=param.by,_value=xpath], ParameterValue[_name=param.value,_value=xpath|(//*[@label="Address"])[2]			], ParameterValue[_name=param.timeout,_value=20], ParameterValue[_name=param.format,_value=detailed], ParameterValue[_name=param.usecache,_value=use]],_stringParameters=<null>,_encoding=UTF-8]
<2017-05-19 00:07:49> INFO  [c.p.httpclient.HttpClient] URL = https://mobilecloud.perfectomobile.com/nexperience/services/executions/l.hosur.chandrappa@accenture.com_loadDevice_17-05-18_18_36_34_37373?operation=command&responseFormat=xml&command=application.element&subcommand=find&param.handsetId=D82DF6FA033B64F81CCA0B49B148CFA9088329C5&param.by=xpath&param.value=xpath%7C%28%2F%2F*%5B%40label%3D%22Address%22%5D%29%5B2%5D%09%09%09&param.timeout=20&param.format=detailed&param.usecache=use&user=l.hosur.chandrappa%40accenture.com
<2017-05-19 00:08:12> INFO  [c.p.httpclient.HttpClient] Response: <?xml version="1.0" encoding="UTF-8"?>
<response><reportPdfUrl>UNCONFIGURED_REPORTIUM_SERVER_URL/export/api/v1/test-executions/pdf?externalId[0]=l.hosur.chandrappa@accenture.com_loadDevice_17-05-18_18_36_34_37373&amp;timestamp=1495132690592</reportPdfUrl><reason>ValidationFailure</reason><timer.elapsed>22657</timer.elapsed><testGridReportUrl>UNCONFIGURED_REPORTIUM_SERVER_URL?externalId[0]=l.hosur.chandrappa@accenture.com_loadDevice_17-05-18_18_36_34_37373&amp;timestamp=1495132690592</testGridReportUrl><description>No element found</description><timer.system>20</timer.system><completed>true</completed><flowEndCode>FAILED</flowEndCode><executionId>l.hosur.chandrappa@accenture.com_loadDevice_17-05-18_18_36_34_37373</executionId><timer.ux>22637</timer.ux><singleTestReportUrl>https://mobilecloud.perfectomobile.com/nexperience/singletest/report/?reportRepositoryKey=PRIVATE:loadDevice/170518/loadDevice_17-05-18_18_36_34_37373.xml&amp;ownerId=l.hosur.chandrappa@accenture.com&amp;sharingCode=69e0a985-0e2b-4d15-862a-1083fb357e17</singleTestReportUrl><reportKey>PRIVATE:loadDevice/170518/loadDevice_17-05-18_18_36_34_37373.xml</reportKey><timer.device>22637</timer.device></response>
<2017-05-19 00:08:12> INFO  [c.p.httpclient.HttpClient] Response values: {reportPdfUrl=UNCONFIGURED_REPORTIUM_SERVER_URL/export/api/v1/test-executions/pdf?externalId[0]=l.hosur.chandrappa@accenture.com_loadDevice_17-05-18_18_36_34_37373&timestamp=1495132690592, reason=ValidationFailure, timer.elapsed=22657, testGridReportUrl=UNCONFIGURED_REPORTIUM_SERVER_URL?externalId[0]=l.hosur.chandrappa@accenture.com_loadDevice_17-05-18_18_36_34_37373&timestamp=1495132690592, description=No element found, timer.system=20, completed=true, flowEndCode=FAILED, executionId=l.hosur.chandrappa@accenture.com_loadDevice_17-05-18_18_36_34_37373, timer.ux=22637, singleTestReportUrl=https://mobilecloud.perfectomobile.com/nexperience/singletest/report/?reportRepositoryKey=PRIVATE:loadDevice/170518/loadDevice_17-05-18_18_36_34_37373.xml&ownerId=l.hosur.chandrappa@accenture.com&sharingCode=69e0a985-0e2b-4d15-862a-1083fb357e17, reportKey=PRIVATE:loadDevice/170518/loadDevice_17-05-18_18_36_34_37373.xml, timer.device=22637}
<2017-05-19 00:08:12> INFO  [c.p.selenium.MobileEntity] Got return value: false
]]></system-out>
  </testcase>
</testsuite>