<?xml version="1.0" encoding="UTF-8"?>
<testng-results skipped="0" failed="0" total="1" passed="1">
  <reporter-output>
  </reporter-output>
  <suite name="Test3" duration-ms="85238" started-at="2017-05-19T10:32:02Z" finished-at="2017-05-19T10:33:27Z">
    <groups>
      <group name="Primary">
        <method signature="HPETest.TC_135_ValidateErrorMessageForWrongPassword()[pri:0, instance:Regression_Utilities.HPETest@458ad742]" name="TC_135_ValidateErrorMessageForWrongPassword" class="Regression_Utilities.HPETest"/>
      </group> <!-- Primary -->
    </groups>
    <test name="HPETest" duration-ms="85238" started-at="2017-05-19T10:32:02Z" finished-at="2017-05-19T10:33:27Z">
      <class name="Regression_Utilities.HPETest">
        <test-method status="PASS" signature="loadDevice()[pri:0, instance:Regression_Utilities.HPETest@458ad742]" name="loadDevice" is-config="true" duration-ms="38148" started-at="2017-05-19T16:01:24Z" finished-at="2017-05-19T16:02:02Z">
          <reporter-output>
          </reporter-output>
        </test-method> <!-- loadDevice -->
        <test-method status="PASS" signature="TC_135_ValidateErrorMessageForWrongPassword()[pri:0, instance:Regression_Utilities.HPETest@458ad742]" name="TC_135_ValidateErrorMessageForWrongPassword" duration-ms="84911" started-at="2017-05-19T16:02:02Z" finished-at="2017-05-19T16:03:27Z">
          <reporter-output>
          </reporter-output>
        </test-method> <!-- TC_135_ValidateErrorMessageForWrongPassword -->
        <test-method status="PASS" signature="afterSuite()[pri:0, instance:Regression_Utilities.HPETest@458ad742]" name="afterSuite" is-config="true" duration-ms="0" started-at="2017-05-19T16:03:28Z" finished-at="2017-05-19T16:03:28Z">
          <reporter-output>
          </reporter-output>
        </test-method> <!-- afterSuite -->
      </class> <!-- Regression_Utilities.HPETest -->
    </test> <!-- HPETest -->
  </suite> <!-- Test3 -->
</testng-results>
